<?xml version="1.0" encoding="UTF-8"?>
<!-- Generated by org.testng.reporters.JUnitReportReporter -->
<testsuite hostname="LAPTOP-SSDS6GEK" failures="0" tests="4" name="TestNG.CalculatorTesting" time="0.039" errors="0" timestamp="2023-08-08T16:26:16 EDT" skipped="0">
  <testcase classname="TestNG.CalculatorTesting" name="addition" time="0.033"/>
  <system-out>
    <![CDATA[addition method start]]>
  </system-out>
  <testcase classname="TestNG.CalculatorTesting" name="substaction" time="0.002"/>
  <system-out/>
  <testcase classname="TestNG.CalculatorTesting" name="division" time="0.001"/>
  <system-out/>
  <testcase classname="TestNG.CalculatorTesting" name="multipication" time="0.003"/>
  <system-out>
    <![CDATA[multipication method start]]>
  </system-out>
</testsuite> <!-- TestNG.CalculatorTesting -->
