<?xml version="1.0" encoding="UTF-8"?>
<!-- Generated by org.testng.reporters.JUnitReportReporter -->
<testsuite hostname="LAPTOP-SSDS6GEK" failures="0" tests="1" name="com.Test.SeleniumTest.ReadPropertiesData" time="0.018" errors="0" timestamp="2023-08-07T14:45:08 EDT" skipped="0">
  <testcase classname="com.Test.SeleniumTest.ReadPropertiesData" name="test1" time="0.018"/>
  <system-out/>
</testsuite> <!-- com.Test.SeleniumTest.ReadPropertiesData -->
