<?xml version="1.0" encoding="UTF-8"?>
<!-- Generated by org.testng.reporters.JUnitReportReporter -->
<testsuite hostname="LAPTOP-SSDS6GEK" failures="0" tests="5" name="TestNG.DataDrivenTesting" time="0.032" errors="0" timestamp="2023-08-07T16:09:48 EDT" skipped="0">
  <testcase classname="TestNG.DataDrivenTesting" name="testPost1" time="0.006"/>
  <system-out/>
  <testcase classname="TestNG.DataDrivenTesting" name="testPost1" time="0.004"/>
  <system-out/>
  <testcase classname="TestNG.DataDrivenTesting" name="testPost1" time="0.017"/>
  <system-out/>
  <testcase classname="TestNG.DataDrivenTesting" name="testPost1" time="0.003"/>
  <system-out/>
  <testcase classname="TestNG.DataDrivenTesting" name="testPost1" time="0.002"/>
  <system-out/>
</testsuite> <!-- TestNG.DataDrivenTesting -->
