<?xml version="1.0" encoding="UTF-8"?>
<!-- Generated by org.testng.reporters.JUnitReportReporter -->
<testsuite hostname="LAPTOP-SSDS6GEK" failures="0" tests="1" name="com.Test.SeleniumTest.TestwithPOM" time="5.659" errors="0" timestamp="2023-07-30T16:26:51 EDT" skipped="0">
  <testcase classname="com.Test.SeleniumTest.TestwithPOM" name="LogInTest" time="5.659"/>
  <system-out/>
</testsuite> <!-- com.Test.SeleniumTest.TestwithPOM -->
