<?xml version="1.0" encoding="UTF-8"?>
<!-- Generated by org.testng.reporters.JUnitReportReporter -->
<testsuite hostname="LAPTOP-SSDS6GEK" failures="0" tests="4" name="com.Test.SeleniumTest.IncludeExclude" time="0.086" errors="0" timestamp="2023-07-31T14:37:05 EDT" skipped="0">
  <testcase classname="com.Test.SeleniumTest.IncludeExclude" name="test1" time="0.074"/>
  <system-out/>
  <testcase classname="com.Test.SeleniumTest.IncludeExclude" name="test2" time="0.001"/>
  <system-out/>
  <testcase classname="com.Test.SeleniumTest.IncludeExclude" name="test3" time="0.004"/>
  <system-out/>
  <testcase classname="com.Test.SeleniumTest.IncludeExclude" name="test2" time="0.007"/>
  <system-out/>
</testsuite> <!-- com.Test.SeleniumTest.IncludeExclude -->
