<?xml version="1.0" encoding="UTF-8"?>
<!-- Generated by org.testng.reporters.JUnitReportReporter -->
<testsuite hostname="LAPTOP-SSDS6GEK" failures="0" tests="5" name="TestNG.DataDrivernTestingWithExcle" time="0.023" errors="0" timestamp="2023-08-10T15:34:49 EDT" skipped="0">
  <testcase classname="TestNG.DataDrivernTestingWithExcle" name="testData1" time="0.013"/>
  <system-out/>
  <testcase classname="TestNG.DataDrivernTestingWithExcle" name="testData1" time="0.002"/>
  <system-out/>
  <testcase classname="TestNG.DataDrivernTestingWithExcle" name="testData1" time="0.004"/>
  <system-out/>
  <testcase classname="TestNG.DataDrivernTestingWithExcle" name="testData1" time="0.002"/>
  <system-out/>
  <testcase classname="TestNG.DataDrivernTestingWithExcle" name="testData1" time="0.002"/>
  <system-out/>
</testsuite> <!-- TestNG.DataDrivernTestingWithExcle -->
