<?xml version="1.0" encoding="UTF-8"?>
<!-- Generated by org.testng.reporters.JUnitReportReporter -->
<testsuite hostname="LAPTOP-SSDS6GEK" failures="0" tests="1" name="Assertions.TestCase1" time="7.122" errors="0" timestamp="2023-08-03T13:32:51 EDT" skipped="0">
  <testcase classname="Assertions.TestCase1" name="logintest" time="7.122"/>
  <system-out/>
</testsuite> <!-- Assertions.TestCase1 -->
